Sender: LSF System <lsfadmin@node205.hpc.local>
Subject: Job 74327096: <R CMD figures_220910.R> in cluster <pennhpc> Exited

Job <R CMD figures_220910.R> was submitted from host <node153.hpc.local> by user <derkelly> in cluster <pennhpc>.
Job was executed on host(s) <node205.hpc.local>, in queue <normal>, as user <derkelly> in cluster <pennhpc>.
</home/derkelly> was used as the home directory.
</project/tishkofflab/projects/SingleCellRNA/scripts/scrnaseq> was used as the working directory.
Started at Results reported on 
Your job looked like:

------------------------------------------------------------
# LSBATCH: User input
R CMD figures_220910.R
------------------------------------------------------------

Exited with exit code 127.

Resource usage summary:

    CPU time :                                   0.03 sec.
    Max Memory :                                 -
    Average Memory :                             -
    Total Requested Memory :                     -
    Delta Memory :                               -
    Max Swap :                                   -
    Max Processes :                              -
    Max Threads :                                -
    Run time :                                   7 sec.
    Turnaround time :                            2 sec.

The output (if any) follows:



PS:

Read file <figures_220910.err> for stderr output of this job.

Sender: LSF System <lsfadmin@node163.hpc.local>
Subject: Job 74327097: <R CMD figures_220910.R> in cluster <pennhpc> Exited

Job <R CMD figures_220910.R> was submitted from host <node153.hpc.local> by user <derkelly> in cluster <pennhpc>.
Job was executed on host(s) <node163.hpc.local>, in queue <normal>, as user <derkelly> in cluster <pennhpc>.
</home/derkelly> was used as the home directory.
</project/tishkofflab/projects/SingleCellRNA/scripts/scrnaseq> was used as the working directory.
Started at Results reported on 
Your job looked like:

------------------------------------------------------------
# LSBATCH: User input
R CMD figures_220910.R
------------------------------------------------------------

Exited with exit code 127.

Resource usage summary:

    CPU time :                                   0.02 sec.
    Max Memory :                                 -
    Average Memory :                             -
    Total Requested Memory :                     -
    Delta Memory :                               -
    Max Swap :                                   -
    Max Processes :                              -
    Max Threads :                                -
    Run time :                                   4 sec.
    Turnaround time :                            1 sec.

The output (if any) follows:



PS:

Read file <figures_220910.err> for stderr output of this job.

Sender: LSF System <lsfadmin@node163.hpc.local>
Subject: Job 74327098: <R CMD figures_220910.R> in cluster <pennhpc> Exited

Job <R CMD figures_220910.R> was submitted from host <node153.hpc.local> by user <derkelly> in cluster <pennhpc>.
Job was executed on host(s) <node163.hpc.local>, in queue <normal>, as user <derkelly> in cluster <pennhpc>.
</home/derkelly> was used as the home directory.
</project/tishkofflab/projects/SingleCellRNA/scripts/scrnaseq> was used as the working directory.
Started at Results reported on 
Your job looked like:

------------------------------------------------------------
# LSBATCH: User input
R CMD figures_220910.R
------------------------------------------------------------

Exited with exit code 127.

Resource usage summary:

    CPU time :                                   0.03 sec.
    Max Memory :                                 -
    Average Memory :                             -
    Total Requested Memory :                     -
    Delta Memory :                               -
    Max Swap :                                   -
    Max Processes :                              -
    Max Threads :                                -
    Run time :                                   6 sec.
    Turnaround time :                            2 sec.

The output (if any) follows:



PS:

Read file <figures_220910.err> for stderr output of this job.

Sender: LSF System <lsfadmin@node163.hpc.local>
Subject: Job 74327099: <R figures_220910.R> in cluster <pennhpc> Exited

Job <R figures_220910.R> was submitted from host <node153.hpc.local> by user <derkelly> in cluster <pennhpc>.
Job was executed on host(s) <node163.hpc.local>, in queue <normal>, as user <derkelly> in cluster <pennhpc>.
</home/derkelly> was used as the home directory.
</project/tishkofflab/projects/SingleCellRNA/scripts/scrnaseq> was used as the working directory.
Started at Results reported on 
Your job looked like:

------------------------------------------------------------
# LSBATCH: User input
R figures_220910.R
------------------------------------------------------------

Exited with exit code 2.

Resource usage summary:

    CPU time :                                   0.03 sec.
    Max Memory :                                 -
    Average Memory :                             -
    Total Requested Memory :                     -
    Delta Memory :                               -
    Max Swap :                                   -
    Max Processes :                              -
    Max Threads :                                -
    Run time :                                   3 sec.
    Turnaround time :                            2 sec.

The output (if any) follows:

ARGUMENT 'figures_220910.R' __ignored__



PS:

Read file <figures_220910.err> for stderr output of this job.

Sender: LSF System <lsfadmin@node195.hpc.local>
Subject: Job 74327103: <Rscript figures_220910.R> in cluster <pennhpc> Exited

Job <Rscript figures_220910.R> was submitted from host <node153.hpc.local> by user <derkelly> in cluster <pennhpc>.
Job was executed on host(s) <node195.hpc.local>, in queue <normal>, as user <derkelly> in cluster <pennhpc>.
</home/derkelly> was used as the home directory.
</project/tishkofflab/projects/SingleCellRNA/scripts/scrnaseq> was used as the working directory.
Started at Results reported on 
Your job looked like:

------------------------------------------------------------
# LSBATCH: User input
Rscript figures_220910.R
------------------------------------------------------------

Exited with exit code 1.

Resource usage summary:

    CPU time :                                   291.49 sec.
    Max Memory :                                 4872 MB
    Average Memory :                             2480.41 MB
    Total Requested Memory :                     -
    Delta Memory :                               -
    Max Swap :                                   2 MB
    Max Processes :                              3
    Max Threads :                                5
    Run time :                                   289 sec.
    Turnaround time :                            287 sec.

The output (if any) follows:



PS:

Read file <figures_220910.err> for stderr output of this job.

Sender: LSF System <lsfadmin@node184.hpc.local>
Subject: Job 74327158: <Rscript figures_220910.R> in cluster <pennhpc> Exited

Job <Rscript figures_220910.R> was submitted from host <node156.hpc.local> by user <derkelly> in cluster <pennhpc>.
Job was executed on host(s) <node184.hpc.local>, in queue <normal>, as user <derkelly> in cluster <pennhpc>.
</home/derkelly> was used as the home directory.
</project/tishkofflab/projects/SingleCellRNA/scripts/scrnaseq> was used as the working directory.
Started at Results reported on 
Your job looked like:

------------------------------------------------------------
# LSBATCH: User input
Rscript figures_220910.R
------------------------------------------------------------

Exited with exit code 127.

Resource usage summary:

    CPU time :                                   0.03 sec.
    Max Memory :                                 -
    Average Memory :                             -
    Total Requested Memory :                     -
    Delta Memory :                               -
    Max Swap :                                   -
    Max Processes :                              1
    Max Threads :                                1
    Run time :                                   8 sec.
    Turnaround time :                            3 sec.

The output (if any) follows:



PS:

Read file <figures_220910.err> for stderr output of this job.

Sender: LSF System <lsfadmin@node184.hpc.local>
Subject: Job 74327162: <Rscript figures_220910.R> in cluster <pennhpc> Exited

Job <Rscript figures_220910.R> was submitted from host <node156.hpc.local> by user <derkelly> in cluster <pennhpc>.
Job was executed on host(s) <node184.hpc.local>, in queue <normal>, as user <derkelly> in cluster <pennhpc>.
</home/derkelly> was used as the home directory.
</project/tishkofflab/projects/SingleCellRNA/scripts/scrnaseq> was used as the working directory.
Started at Results reported on 
Your job looked like:

------------------------------------------------------------
# LSBATCH: User input
Rscript figures_220910.R
------------------------------------------------------------

TERM_MEMLIMIT: job killed after reaching LSF memory usage limit.
Exited with exit code 1.

Resource usage summary:

    CPU time :                                   6104.03 sec.
    Max Memory :                                 102973 MB
    Average Memory :                             47106.58 MB
    Total Requested Memory :                     -
    Delta Memory :                               -
    Max Swap :                                   2 MB
    Max Processes :                              3
    Max Threads :                                72
    Run time :                                   5730 sec.
    Turnaround time :                            5729 sec.

The output (if any) follows:



PS:

Read file <figures_220910.err> for stderr output of this job.

Sender: LSF System <lsfadmin@node203.hpc.local>
Subject: Job 74328132: <Rscript figures_220910.R> in cluster <pennhpc> Exited

Job <Rscript figures_220910.R> was submitted from host <node156.hpc.local> by user <derkelly> in cluster <pennhpc>.
Job was executed on host(s) <node203.hpc.local>, in queue <normal>, as user <derkelly> in cluster <pennhpc>.
</home/derkelly> was used as the home directory.
</project/tishkofflab/projects/SingleCellRNA/scripts/scrnaseq> was used as the working directory.
Started at Results reported on 
Your job looked like:

------------------------------------------------------------
# LSBATCH: User input
Rscript figures_220910.R
------------------------------------------------------------

TERM_MEMLIMIT: job killed after reaching LSF memory usage limit.
Exited with exit code 1.

Resource usage summary:

    CPU time :                                   5274.51 sec.
    Max Memory :                                 106328 MB
    Average Memory :                             42106.66 MB
    Total Requested Memory :                     -
    Delta Memory :                               -
    Max Swap :                                   2 MB
    Max Processes :                              3
    Max Threads :                                55
    Run time :                                   4928 sec.
    Turnaround time :                            4923 sec.

The output (if any) follows:



PS:

Read file <figures_220910.err> for stderr output of this job.

Sender: LSF System <lsfadmin@node193.hpc.local>
Subject: Job 74329004: <Rscript figures_220910.R> in cluster <pennhpc> Exited

Job <Rscript figures_220910.R> was submitted from host <node156.hpc.local> by user <derkelly> in cluster <pennhpc>.
Job was executed on host(s) <node193.hpc.local>, in queue <normal>, as user <derkelly> in cluster <pennhpc>.
</home/derkelly> was used as the home directory.
</project/tishkofflab/projects/SingleCellRNA/scripts/scrnaseq> was used as the working directory.
Started at Results reported on 
Your job looked like:

------------------------------------------------------------
# LSBATCH: User input
Rscript figures_220910.R
------------------------------------------------------------

Exited with exit code 127.

Resource usage summary:

    CPU time :                                   0.02 sec.
    Max Memory :                                 -
    Average Memory :                             -
    Total Requested Memory :                     -
    Delta Memory :                               -
    Max Swap :                                   -
    Max Processes :                              -
    Max Threads :                                -
    Run time :                                   2 sec.
    Turnaround time :                            2 sec.

The output (if any) follows:



PS:

Read file <figures_220910.err> for stderr output of this job.

Sender: LSF System <lsfadmin@node159.hpc.local>
Subject: Job 74329111: <Rscript figures_220910.R> in cluster <pennhpc> Exited

Job <Rscript figures_220910.R> was submitted from host <node156.hpc.local> by user <derkelly> in cluster <pennhpc>.
Job was executed on host(s) <node159.hpc.local>, in queue <normal>, as user <derkelly> in cluster <pennhpc>.
</home/derkelly> was used as the home directory.
</project/tishkofflab/projects/SingleCellRNA/scripts/scrnaseq> was used as the working directory.
Started at Results reported on 
Your job looked like:

------------------------------------------------------------
# LSBATCH: User input
Rscript figures_220910.R
------------------------------------------------------------

Exited with exit code 1.

Resource usage summary:

    CPU time :                                   61.69 sec.
    Max Memory :                                 3316 MB
    Average Memory :                             1022.20 MB
    Total Requested Memory :                     -
    Delta Memory :                               -
    Max Swap :                                   -
    Max Processes :                              3
    Max Threads :                                5
    Run time :                                   74 sec.
    Turnaround time :                            71 sec.

The output (if any) follows:



PS:

Read file <figures_220910.err> for stderr output of this job.

Sender: LSF System <lsfadmin@node159.hpc.local>
Subject: Job 74329135: <Rscript figures_220910.R> in cluster <pennhpc> Exited

Job <Rscript figures_220910.R> was submitted from host <node156.hpc.local> by user <derkelly> in cluster <pennhpc>.
Job was executed on host(s) <node159.hpc.local>, in queue <normal>, as user <derkelly> in cluster <pennhpc>.
</home/derkelly> was used as the home directory.
</project/tishkofflab/projects/SingleCellRNA/scripts/scrnaseq> was used as the working directory.
Started at Results reported on 
Your job looked like:

------------------------------------------------------------
# LSBATCH: User input
Rscript figures_220910.R
------------------------------------------------------------

Exited with exit code 1.

Resource usage summary:

    CPU time :                                   42.72 sec.
    Max Memory :                                 2447 MB
    Average Memory :                             1089.00 MB
    Total Requested Memory :                     -
    Delta Memory :                               -
    Max Swap :                                   -
    Max Processes :                              3
    Max Threads :                                5
    Run time :                                   45 sec.
    Turnaround time :                            45 sec.

The output (if any) follows:



PS:

Read file <figures_220910.err> for stderr output of this job.

Sender: LSF System <lsfadmin@node210.hpc.local>
Subject: Job 74329177: <Rscript figures_220910.R> in cluster <pennhpc> Exited

Job <Rscript figures_220910.R> was submitted from host <node156.hpc.local> by user <derkelly> in cluster <pennhpc>.
Job was executed on host(s) <node210.hpc.local>, in queue <normal>, as user <derkelly> in cluster <pennhpc>.
</home/derkelly> was used as the home directory.
</project/tishkofflab/projects/SingleCellRNA/scripts/scrnaseq> was used as the working directory.
Started at Results reported on 
Your job looked like:

------------------------------------------------------------
# LSBATCH: User input
Rscript figures_220910.R
------------------------------------------------------------

TERM_MEMLIMIT: job killed after reaching LSF memory usage limit.
Exited with exit code 1.

Resource usage summary:

    CPU time :                                   2218.37 sec.
    Max Memory :                                 107362 MB
    Average Memory :                             41047.57 MB
    Total Requested Memory :                     -
    Delta Memory :                               -
    Max Swap :                                   2 MB
    Max Processes :                              3
    Max Threads :                                19
    Run time :                                   1831 sec.
    Turnaround time :                            1829 sec.

The output (if any) follows:



PS:

Read file <figures_220910.err> for stderr output of this job.

Sender: LSF System <lsfadmin@node210.hpc.local>
Subject: Job 74329492: <Rscript figures_220910.R> in cluster <pennhpc> Exited

Job <Rscript figures_220910.R> was submitted from host <node156.hpc.local> by user <derkelly> in cluster <pennhpc>.
Job was executed on host(s) <node210.hpc.local>, in queue <normal>, as user <derkelly> in cluster <pennhpc>.
</home/derkelly> was used as the home directory.
</project/tishkofflab/projects/SingleCellRNA/scripts/scrnaseq> was used as the working directory.
Started at Results reported on 
Your job looked like:

------------------------------------------------------------
# LSBATCH: User input
Rscript figures_220910.R
------------------------------------------------------------

Exited with exit code 1.

Resource usage summary:

    CPU time :                                   31.09 sec.
    Max Memory :                                 1528 MB
    Average Memory :                             690.40 MB
    Total Requested Memory :                     -
    Delta Memory :                               -
    Max Swap :                                   -
    Max Processes :                              3
    Max Threads :                                5
    Run time :                                   40 sec.
    Turnaround time :                            36 sec.

The output (if any) follows:



PS:

Read file <figures_220910.err> for stderr output of this job.

Sender: LSF System <lsfadmin@node159.hpc.local>
Subject: Job 74329504: <Rscript figures_220910.R> in cluster <pennhpc> Exited

Job <Rscript figures_220910.R> was submitted from host <node156.hpc.local> by user <derkelly> in cluster <pennhpc>.
Job was executed on host(s) <node159.hpc.local>, in queue <normal>, as user <derkelly> in cluster <pennhpc>.
</home/derkelly> was used as the home directory.
</project/tishkofflab/projects/SingleCellRNA/scripts/scrnaseq> was used as the working directory.
Started at Results reported on 
Your job looked like:

------------------------------------------------------------
# LSBATCH: User input
Rscript figures_220910.R
------------------------------------------------------------

Exited with exit code 1.

Resource usage summary:

    CPU time :                                   33.98 sec.
    Max Memory :                                 1987 MB
    Average Memory :                             908.33 MB
    Total Requested Memory :                     -
    Delta Memory :                               -
    Max Swap :                                   -
    Max Processes :                              3
    Max Threads :                                5
    Run time :                                   42 sec.
    Turnaround time :                            38 sec.

The output (if any) follows:



PS:

Read file <figures_220910.err> for stderr output of this job.

Sender: LSF System <lsfadmin@node159.hpc.local>
Subject: Job 74329541: <Rscript figures_220910.R> in cluster <pennhpc> Exited

Job <Rscript figures_220910.R> was submitted from host <node156.hpc.local> by user <derkelly> in cluster <pennhpc>.
Job was executed on host(s) <node159.hpc.local>, in queue <normal>, as user <derkelly> in cluster <pennhpc>.
</home/derkelly> was used as the home directory.
</project/tishkofflab/projects/SingleCellRNA/scripts/scrnaseq> was used as the working directory.
Started at Results reported on 
Your job looked like:

------------------------------------------------------------
# LSBATCH: User input
Rscript figures_220910.R
------------------------------------------------------------

Exited with exit code 1.

Resource usage summary:

    CPU time :                                   32.27 sec.
    Max Memory :                                 2681 MB
    Average Memory :                             983.00 MB
    Total Requested Memory :                     -
    Delta Memory :                               -
    Max Swap :                                   -
    Max Processes :                              3
    Max Threads :                                5
    Run time :                                   35 sec.
    Turnaround time :                            34 sec.

The output (if any) follows:



PS:

Read file <figures_220910.err> for stderr output of this job.

Sender: LSF System <lsfadmin@node193.hpc.local>
Subject: Job 74329585: <Rscript figures_220910.R> in cluster <pennhpc> Exited

Job <Rscript figures_220910.R> was submitted from host <node156.hpc.local> by user <derkelly> in cluster <pennhpc>.
Job was executed on host(s) <node193.hpc.local>, in queue <normal>, as user <derkelly> in cluster <pennhpc>.
</home/derkelly> was used as the home directory.
</project/tishkofflab/projects/SingleCellRNA/scripts/scrnaseq> was used as the working directory.
Started at Results reported on 
Your job looked like:

------------------------------------------------------------
# LSBATCH: User input
Rscript figures_220910.R
------------------------------------------------------------

TERM_MEMLIMIT: job killed after reaching LSF memory usage limit.
Exited with exit code 1.

Resource usage summary:

    CPU time :                                   2177.48 sec.
    Max Memory :                                 107616 MB
    Average Memory :                             40921.82 MB
    Total Requested Memory :                     -
    Delta Memory :                               -
    Max Swap :                                   2 MB
    Max Processes :                              3
    Max Threads :                                5
    Run time :                                   1816 sec.
    Turnaround time :                            1813 sec.

The output (if any) follows:



PS:

Read file <figures_220910.err> for stderr output of this job.

Sender: LSF System <lsfadmin@node209.hpc.local>
Subject: Job 74330040: <Rscript figures_220910.R> in cluster <pennhpc> Exited

Job <Rscript figures_220910.R> was submitted from host <node153.hpc.local> by user <derkelly> in cluster <pennhpc>.
Job was executed on host(s) <node209.hpc.local>, in queue <normal>, as user <derkelly> in cluster <pennhpc>.
</home/derkelly> was used as the home directory.
</project/tishkofflab/projects/SingleCellRNA/scripts/scrnaseq> was used as the working directory.
Started at Results reported on 
Your job looked like:

------------------------------------------------------------
# LSBATCH: User input
Rscript figures_220910.R
------------------------------------------------------------

Exited with exit code 1.

Resource usage summary:

    CPU time :                                   6.97 sec.
    Max Memory :                                 326 MB
    Average Memory :                             180.00 MB
    Total Requested Memory :                     -
    Delta Memory :                               -
    Max Swap :                                   -
    Max Processes :                              3
    Max Threads :                                5
    Run time :                                   15 sec.
    Turnaround time :                            15 sec.

The output (if any) follows:



PS:

Read file <figures_220910.err> for stderr output of this job.

Sender: LSF System <lsfadmin@node184.hpc.local>
Subject: Job 74330064: <Rscript figures_220910.R> in cluster <pennhpc> Exited

Job <Rscript figures_220910.R> was submitted from host <node153.hpc.local> by user <derkelly> in cluster <pennhpc>.
Job was executed on host(s) <node184.hpc.local>, in queue <normal>, as user <derkelly> in cluster <pennhpc>.
</home/derkelly> was used as the home directory.
</project/tishkofflab/projects/SingleCellRNA/scripts/scrnaseq> was used as the working directory.
Started at Results reported on 
Your job looked like:

------------------------------------------------------------
# LSBATCH: User input
Rscript figures_220910.R
------------------------------------------------------------

Exited with exit code 1.

Resource usage summary:

    CPU time :                                   3116.13 sec.
    Max Memory :                                 203259 MB
    Average Memory :                             64972.32 MB
    Total Requested Memory :                     -
    Delta Memory :                               -
    Max Swap :                                   2 MB
    Max Processes :                              3
    Max Threads :                                5
    Run time :                                   2543 sec.
    Turnaround time :                            2539 sec.

The output (if any) follows:



PS:

Read file <figures_220910.err> for stderr output of this job.

Sender: LSF System <lsfadmin@node169.hpc.local>
Subject: Job 74331308: <Rscript figures_220910.R> in cluster <pennhpc> Done

Job <Rscript figures_220910.R> was submitted from host <node153.hpc.local> by user <derkelly> in cluster <pennhpc>.
Job was executed on host(s) <node169.hpc.local>, in queue <normal>, as user <derkelly> in cluster <pennhpc>.
</home/derkelly> was used as the home directory.
</project/tishkofflab/projects/SingleCellRNA/scripts/scrnaseq> was used as the working directory.
Started at Results reported on 
Your job looked like:

------------------------------------------------------------
# LSBATCH: User input
Rscript figures_220910.R
------------------------------------------------------------

Successfully completed.

Resource usage summary:

    CPU time :                                   4537.61 sec.
    Max Memory :                                 125884 MB
    Average Memory :                             64541.29 MB
    Total Requested Memory :                     -
    Delta Memory :                               -
    Max Swap :                                   2 MB
    Max Processes :                              3
    Max Threads :                                36
    Run time :                                   3959 sec.
    Turnaround time :                            3955 sec.

The output (if any) follows:



PS:

Read file <figures_220910.err> for stderr output of this job.

